
> enterprise-med-saas@0.1.0 dev
> next dev

▲ Next.js 16.1.6 (Turbopack)
- Local:         http://localhost:3000
- Network:       http://192.168.6.102:3000
- Environments: .env

✓ Starting...
✓ Ready in 2.6s
 GET / 200 in 1227ms (compile: 724ms, render: 503ms)
 GET /auth/google/callback?iss=https%3A%2F%2Faccounts.google.com&code=4%2F0AfrIepDKWe0YQ4lj0BvPnMEQsCpw3XehEx_m8SGvcRnwS0ODOXMAxtetAS5rnVWOvz6kCw&scope=email+profile+https%3A%2F%2Fwww.googleapis.com%2Fauth%2Fuserinfo.profile+https%3A%2F%2Fwww.googleapis.com%2Fauth%2Fuserinfo.email+openid&authuser=0&prompt=consent 404 in 1576ms (compile: 592ms, proxy.ts: 836ms, render: 148ms)
 GET /api/auth/session 200 in 1634ms (compile: 1590ms, render: 45ms)
 GET /api/auth/session 200 in 33ms (compile: 18ms, render: 14ms)
 GET /api/auth/session 200 in 22ms (compile: 9ms, render: 13ms)
 GET /api/auth/session 200 in 16ms (compile: 6ms, render: 11ms)
 GET /api/auth/session 200 in 19ms (compile: 5ms, render: 14ms)
 GET /api/auth/session 200 in 20ms (compile: 6ms, render: 14ms)
 GET / 200 in 172ms (compile: 12ms, render: 160ms)
[31m[auth][error][0m InvalidCheck: pkceCodeVerifier value could not be parsed. Read more at https://errors.authjs.dev#invalidcheck
    at parseCookie (C:\Users\codin\OneDrive\Desktop\incredible\enterprise-med-saas\.next\dev\server\chunks\97170_@auth_core_d74fb220._.js:3312:15)
    at Object.use (C:\Users\codin\OneDrive\Desktop\incredible\enterprise-med-saas\.next\dev\server\chunks\97170_@auth_core_d74fb220._.js:3340:30)
    at handleOAuth (C:\Users\codin\OneDrive\Desktop\incredible\enterprise-med-saas\.next\dev\server\chunks\97170_@auth_core_d74fb220._.js:3570:250)
    at process.processTicksAndRejections (node:internal/process/task_queues:103:5)
    at async Module.callback (C:\Users\codin\OneDrive\Desktop\incredible\enterprise-med-saas\.next\dev\server\chunks\97170_@auth_core_d74fb220._.js:4085:41)
    at async AuthInternal (C:\Users\codin\OneDrive\Desktop\incredible\enterprise-med-saas\.next\dev\server\chunks\97170_@auth_core_d74fb220._.js:5123:24)
    at async Auth (C:\Users\codin\OneDrive\Desktop\incredible\enterprise-med-saas\.next\dev\server\chunks\97170_@auth_core_d74fb220._.js:5370:34)
    at async AppRouteRouteModule.do (C:\Users\codin\OneDrive\Desktop\incredible\enterprise-med-saas\node_modules\next\dist\compiled\next-server\app-route-turbo.runtime.dev.js:5:37866)
    at async AppRouteRouteModule.handle (C:\Users\codin\OneDrive\Desktop\incredible\enterprise-med-saas\node_modules\next\dist\compiled\next-server\app-route-turbo.runtime.dev.js:5:45156)
    at async responseGenerator (C:\Users\codin\OneDrive\Desktop\incredible\enterprise-med-saas\.next\dev\server\chunks\node_modules_next_c0d7f167._.js:17148:38)
    at async AppRouteRouteModule.handleResponse (C:\Users\codin\OneDrive\Desktop\incredible\enterprise-med-saas\node_modules\next\dist\compiled\next-server\app-route-turbo.runtime.dev.js:1:191938)
    at async handleResponse (C:\Users\codin\OneDrive\Desktop\incredible\enterprise-med-saas\.next\dev\server\chunks\node_modules_next_c0d7f167._.js:17211:32)
    at async Module.handler (C:\Users\codin\OneDrive\Desktop\incredible\enterprise-med-saas\.next\dev\server\chunks\node_modules_next_c0d7f167._.js:17264:13)
    at async DevServer.renderToResponseWithComponentsImpl (C:\Users\codin\OneDrive\Desktop\incredible\enterprise-med-saas\node_modules\next\dist\server\base-server.js:1442:9)
    at async DevServer.renderPageComponent (C:\Users\codin\OneDrive\Desktop\incredible\enterprise-med-saas\node_modules\next\dist\server\base-server.js:1494:24)
    at async DevServer.renderToResponseImpl (C:\Users\codin\OneDrive\Desktop\incredible\enterprise-med-saas\node_modules\next\dist\server\base-server.js:1544:32)
    at async DevServer.pipeImpl (C:\Users\codin\OneDrive\Desktop\incredible\enterprise-med-saas\node_modules\next\dist\server\base-server.js:1038:25)
    at async NextNodeServer.handleCatchallRenderRequest (C:\Users\codin\OneDrive\Desktop\incredible\enterprise-med-saas\node_modules\next\dist\server\next-server.js:395:17)
    at async DevServer.handleRequestImpl (C:\Users\codin\OneDrive\Desktop\incredible\enterprise-med-saas\node_modules\next\dist\server\base-server.js:929:17)
    at async C:\Users\codin\OneDrive\Desktop\incredible\enterprise-med-saas\node_modules\next\dist\server\dev\next-dev-server.js:387:20
    at async Span.traceAsyncFn (C:\Users\codin\OneDrive\Desktop\incredible\enterprise-med-saas\node_modules\next\dist\trace\trace.js:157:20)
    at async DevServer.handleRequest (C:\Users\codin\OneDrive\Desktop\incredible\enterprise-med-saas\node_modules\next\dist\server\dev\next-dev-server.js:383:24)
    at async invokeRender (C:\Users\codin\OneDrive\Desktop\incredible\enterprise-med-saas\node_modules\next\dist\server\lib\router-server.js:248:21)
    at async handleRequest (C:\Users\codin\OneDrive\Desktop\incredible\enterprise-med-saas\node_modules\next\dist\server\lib\router-server.js:447:24)
    at async requestHandlerImpl (C:\Users\codin\OneDrive\Desktop\incredible\enterprise-med-saas\node_modules\next\dist\server\lib\router-server.js:496:13)
    at async Server.requestListener (C:\Users\codin\OneDrive\Desktop\incredible\enterprise-med-saas\node_modules\next\dist\server\lib\start-server.js:226:13)
 GET /api/auth/callback/google 302 in 1355ms (compile: 307ms, render: 1048ms)
 GET /auth/error?error=Configuration 404 in 345ms (compile: 44ms, proxy.ts: 48ms, render: 254ms)
 GET /api/auth/session 200 in 60ms (compile: 27ms, render: 33ms)
 GET /api/auth/session 200 in 25ms (compile: 13ms, render: 12ms)
 GET /auth/login 200 in 360ms (compile: 268ms, proxy.ts: 14ms, render: 78ms)
 GET /api/auth/providers 200 in 54ms (compile: 24ms, render: 30ms)
 GET /api/auth/csrf 200 in 76ms (compile: 29ms, render: 47ms)
 POST /api/auth/signin/google? 200 in 358ms (compile: 12ms, render: 346ms)
 GET /auth/login 200 in 184ms (compile: 9ms, proxy.ts: 20ms, render: 154ms)
 GET /api/auth/session 200 in 40ms (compile: 25ms, render: 15ms)
 GET /api/auth/session 200 in 21ms (compile: 7ms, render: 14ms)
 GET /courses 200 in 430ms (compile: 379ms, render: 51ms)
 GET /pricing 200 in 319ms (compile: 274ms, render: 46ms)
 GET /blog 200 in 187ms (compile: 146ms, render: 41ms)
